<?xml version="1.0" encoding="UTF-8"?>
<!-- Generated by org.testng.reporters.JUnitXMLReporter -->
<testsuite ignored="0" hostname="LENOVO-PC" failures="2" tests="8" name="Test-Runner-Chrome" time="0.19" errors="0" timestamp="2022-08-18T16:55:32 IST">
  <testcase classname="dummyproject.Updateaccount" name="update" time="0.019"/>
  <testcase classname="dummyproject.demo1" name="createtest" time="0.014">
    <failure type="java.lang.AssertionError" message="did not expect [a] but found [a]">
      <![CDATA[java.lang.AssertionError: did not expect [a] but found [a]
at dummyproject.demo1.createtest(demo1.java:17)
at java.base/java.util.ArrayList.forEach(ArrayList.java:1511)
at java.base/java.util.concurrent.FutureTask.run(FutureTask.java:264)
at java.base/java.util.concurrent.ThreadPoolExecutor.runWorker(ThreadPoolExecutor.java:1130)
at java.base/java.util.concurrent.ThreadPoolExecutor$Worker.run(ThreadPoolExecutor.java:630)
at java.base/java.lang.Thread.run(Thread.java:831)
... Removed 23 stack frames]]>
    </failure>
  </testcase> <!-- createtest -->
  <testcase classname="dummyproject.demo1" name="createtest1" time="0.002"/>
  <testcase classname="dummyproject.StudentTest" name="createStudentdetailsTest" time="0.002"/>
  <testcase classname="dummyproject.StudentTest" name="deleteStudentdetailsTest" time="0.002"/>
  <testcase classname="dummyproject.StudentTest" name="modifyStudentsdetailsTest" time="0.002"/>
  <testcase classname="dummyproject.softassert1" name="createtest" time="0.002"/>
  <testcase classname="dummyproject.softassert1" name="softass" time="0.038">
    <failure type="java.lang.AssertionError" message="The following asserts failed:
	expected [b] but found [a],
	expected [y] but found [x]">
      <![CDATA[java.lang.AssertionError: The following asserts failed:
expected [b] but found [a],
expected [y] but found [x]
at dummyproject.softassert1.softass(softassert1.java:18)
at java.base/java.util.ArrayList.forEach(ArrayList.java:1511)
at java.base/java.util.concurrent.FutureTask.run(FutureTask.java:264)
at java.base/java.util.concurrent.ThreadPoolExecutor.runWorker(ThreadPoolExecutor.java:1130)
at java.base/java.util.concurrent.ThreadPoolExecutor$Worker.run(ThreadPoolExecutor.java:630)
at java.base/java.lang.Thread.run(Thread.java:831)
... Removed 20 stack frames]]>
    </failure>
  </testcase> <!-- softass -->
</testsuite> <!-- Test-Runner-Chrome -->
